<?xml version="1.0" encoding="UTF-8"?>
<!-- Generated by org.testng.reporters.JUnitXMLReporter -->
<testsuite ignored="0" hostname="DESKTOP-0BOD3T4" failures="2" tests="13" name="Surefire test" time="27.268" errors="0" timestamp="2022-05-29T22:04:48 IST">
  <testcase classname="suitea.TestA" name="testA" time="2.011"/>
  <testcase classname="suitea.TestA" name="testA" time="2.011"/>
  <testcase classname="suitea.TestA" name="testA" time="2.01"/>
  <testcase classname="suitea.TestAA" name="testAA" time="2.001"/>
  <testcase classname="suitea.TestAA" name="testAA" time="2.007"/>
  <testcase classname="suiteb.TestB" name="testB" time="2.014"/>
  <testcase classname="suiteb.TestB" name="testB" time="2.001"/>
  <testcase classname="suiteb.TestBB" name="testBB" time="2.013">
    <failure type="java.lang.AssertionError" message="The following asserts failed:
	Soft Assert: Values are not equal,
	Soft Assert: Other Values are not equal,
	Hard Assert: Other Values are not equal">
      <![CDATA[java.lang.AssertionError: The following asserts failed:
Soft Assert: Values are not equal,
Soft Assert: Other Values are not equal,
Hard Assert: Other Values are not equal
at testbase.TestBase.FailAndStop(TestBase.java:47)
at suiteb.TestBB.testBB(TestBB.java:21)
at java.base/java.util.ArrayList.forEach(ArrayList.java:1541)
... Removed 34 stack frames]]>
    </failure>
  </testcase> <!-- testBB -->
  <testcase classname="suiteb.TestBB" name="testBB" time="2.006">
    <failure type="java.lang.AssertionError" message="The following asserts failed:
	Soft Assert: Values are not equal,
	Soft Assert: Other Values are not equal,
	Hard Assert: Other Values are not equal">
      <![CDATA[java.lang.AssertionError: The following asserts failed:
Soft Assert: Values are not equal,
Soft Assert: Other Values are not equal,
Hard Assert: Other Values are not equal
at testbase.TestBase.FailAndStop(TestBase.java:47)
at suiteb.TestBB.testBB(TestBB.java:21)
at java.base/java.util.ArrayList.forEach(ArrayList.java:1541)
... Removed 34 stack frames]]>
    </failure>
  </testcase> <!-- testBB -->
  <testcase classname="suitec.TestC" name="testC" time="2.002"/>
  <testcase classname="suitec.TestC" name="testC" time="2.0"/>
  <testcase classname="suitec.TestCC" name="testCC" time="2.007"/>
  <testcase classname="suitec.TestCC" name="testCC" time="2.002"/>
</testsuite> <!-- Surefire test -->
