<?xml version="1.0" encoding="UTF-8"?>
<!-- Generated by org.testng.reporters.JUnitXMLReporter -->
<testsuite ignored="0" hostname="DESKTOP-0BOD3T4" failures="2" tests="2" name="TestBB" time="4.144" errors="0" timestamp="2022-06-08T23:41:36 IST">
  <testcase classname="suiteb.TestBB" name="testBB" time="2.015">
    <failure type="java.lang.AssertionError" message="The following asserts failed:
	Soft Assert: Values are not equal,
	Soft Assert: Other Values are not equal,
	Hard Assert: Other Values are not equal">
      <![CDATA[java.lang.AssertionError: The following asserts failed:
Soft Assert: Values are not equal,
Soft Assert: Other Values are not equal,
Hard Assert: Other Values are not equal
at testbase.TestBase.FailAndStop(TestBase.java:99)
at suiteb.TestBB.testBB(TestBB.java:21)
at java.base/java.util.ArrayList.forEach(ArrayList.java:1541)
at java.base/java.util.concurrent.ThreadPoolExecutor.runWorker(ThreadPoolExecutor.java:1128)
at java.base/java.util.concurrent.ThreadPoolExecutor$Worker.run(ThreadPoolExecutor.java:628)
at java.base/java.lang.Thread.run(Thread.java:834)
... Removed 22 stack frames]]>
    </failure>
  </testcase> <!-- testBB -->
  <testcase classname="suiteb.TestBB" name="testBB" time="2.003">
    <failure type="java.lang.AssertionError" message="The following asserts failed:
	Soft Assert: Values are not equal,
	Soft Assert: Other Values are not equal,
	Hard Assert: Other Values are not equal">
      <![CDATA[java.lang.AssertionError: The following asserts failed:
Soft Assert: Values are not equal,
Soft Assert: Other Values are not equal,
Hard Assert: Other Values are not equal
at testbase.TestBase.FailAndStop(TestBase.java:99)
at suiteb.TestBB.testBB(TestBB.java:21)
at java.base/java.util.ArrayList.forEach(ArrayList.java:1541)
at java.base/java.util.concurrent.ThreadPoolExecutor.runWorker(ThreadPoolExecutor.java:1128)
at java.base/java.util.concurrent.ThreadPoolExecutor$Worker.run(ThreadPoolExecutor.java:628)
at java.base/java.lang.Thread.run(Thread.java:834)
... Removed 22 stack frames]]>
    </failure>
  </testcase> <!-- testBB -->
</testsuite> <!-- TestBB -->
