<?xml version="1.0" encoding="UTF-8"?>
<testsuite xmlns:xsi="http://www.w3.org/2001/XMLSchema-instance" xsi:noNamespaceSchemaLocation="https://maven.apache.org/surefire/maven-surefire-plugin/xsd/surefire-test-report.xsd" name="TestSuite" time="45.728" tests="13" errors="0" skipped="3" failures="4">
  <properties>
[...]
</properties>
  <testcase name="testC" classname="suitec.TestC" time="0">
    <skipped message="java.lang.NullPointerException"/>
    <system-out><![CDATA[Browser Group Name is:---
null
Browser Group Name is:---browsergroup1
null
]]></system-out>
    <system-err><![CDATA[SLF4J: Failed to load class "org.slf4j.impl.StaticLoggerBinder".
SLF4J: Defaulting to no-operation (NOP) logger implementation
SLF4J: See http://www.slf4j.org/codes.html#StaticLoggerBinder for further details.
log4j:WARN No appenders could be found for logger (io.netty.util.internal.logging.InternalLoggerFactory).
log4j:WARN Please initialize the log4j system properly.
[Utils] [ERROR] [Error] java.lang.NullPointerException
	at dataprovider.TestDataProvider.dataSuiteC(TestDataProvider.java:95)
	at java.base/jdk.internal.reflect.NativeMethodAccessorImpl.invoke0(Native Method)
	at java.base/jdk.internal.reflect.NativeMethodAccessorImpl.invoke(NativeMethodAccessorImpl.java:62)
	at java.base/jdk.internal.reflect.DelegatingMethodAccessorImpl.invoke(DelegatingMethodAccessorImpl.java:43)
	at java.base/java.lang.reflect.Method.invoke(Method.java:566)
	at org.testng.internal.MethodInvocationHelper.invokeMethod(MethodInvocationHelper.java:133)
	at org.testng.internal.MethodInvocationHelper.invokeMethod(MethodInvocationHelper.java:77)
	at org.testng.internal.MethodInvocationHelper.invokeMethodNoCheckedException(MethodInvocationHelper.java:46)
	at org.testng.internal.MethodInvocationHelper.invokeDataProvider(MethodInvocationHelper.java:146)
	at org.testng.internal.Parameters.handleParameters(Parameters.java:820)
	at org.testng.internal.Parameters.handleParameters(Parameters.java:762)
	at org.testng.internal.ParameterHandler.handleParameters(ParameterHandler.java:60)
	at org.testng.internal.ParameterHandler.createParameters(ParameterHandler.java:39)
	at org.testng.internal.TestInvoker$MethodInvocationAgent.invoke(TestInvoker.java:771)
	at org.testng.internal.TestInvoker.invokeTestMethods(TestInvoker.java:145)
	at org.testng.internal.TestMethodWorker.invokeTestMethods(TestMethodWorker.java:146)
	at org.testng.internal.TestMethodWorker.run(TestMethodWorker.java:128)
	at java.base/java.util.ArrayList.forEach(ArrayList.java:1541)
	at org.testng.TestRunner.privateRun(TestRunner.java:770)
	at org.testng.TestRunner.run(TestRunner.java:591)
	at org.testng.SuiteRunner.runTest(SuiteRunner.java:402)
	at org.testng.SuiteRunner.runSequentially(SuiteRunner.java:396)
	at org.testng.SuiteRunner.privateRun(SuiteRunner.java:355)
	at org.testng.SuiteRunner.run(SuiteRunner.java:304)
	at org.testng.SuiteRunnerWorker.runSuite(SuiteRunnerWorker.java:53)
	at org.testng.SuiteRunnerWorker.run(SuiteRunnerWorker.java:96)
	at java.base/java.util.concurrent.ThreadPoolExecutor.runWorker(ThreadPoolExecutor.java:1128)
	at java.base/java.util.concurrent.ThreadPoolExecutor$Worker.run(ThreadPoolExecutor.java:628)
	at java.base/java.lang.Thread.run(Thread.java:834)

]]></system-err>
  </testcase>
  <testcase name="testCC" classname="suitec.TestCC" time="0">
    <skipped message="java.lang.NullPointerException"/>
    <system-out><![CDATA[Starting B
Browser Group Name is:---browsergroup1
null
Starting Login
]]></system-out>
    <system-err><![CDATA[[Utils] [ERROR] [Error] java.lang.NullPointerException
	at dataprovider.TestDataProvider.dataSuiteC(TestDataProvider.java:95)
	at java.base/jdk.internal.reflect.NativeMethodAccessorImpl.invoke0(Native Method)
	at java.base/jdk.internal.reflect.NativeMethodAccessorImpl.invoke(NativeMethodAccessorImpl.java:62)
	at java.base/jdk.internal.reflect.DelegatingMethodAccessorImpl.invoke(DelegatingMethodAccessorImpl.java:43)
	at java.base/java.lang.reflect.Method.invoke(Method.java:566)
	at org.testng.internal.MethodInvocationHelper.invokeMethod(MethodInvocationHelper.java:133)
	at org.testng.internal.MethodInvocationHelper.invokeMethod(MethodInvocationHelper.java:77)
	at org.testng.internal.MethodInvocationHelper.invokeMethodNoCheckedException(MethodInvocationHelper.java:46)
	at org.testng.internal.MethodInvocationHelper.invokeDataProvider(MethodInvocationHelper.java:146)
	at org.testng.internal.Parameters.handleParameters(Parameters.java:820)
	at org.testng.internal.Parameters.handleParameters(Parameters.java:762)
	at org.testng.internal.ParameterHandler.handleParameters(ParameterHandler.java:60)
	at org.testng.internal.ParameterHandler.createParameters(ParameterHandler.java:39)
	at org.testng.internal.TestInvoker$MethodInvocationAgent.invoke(TestInvoker.java:771)
	at org.testng.internal.TestInvoker.invokeTestMethods(TestInvoker.java:145)
	at org.testng.internal.TestMethodWorker.invokeTestMethods(TestMethodWorker.java:146)
	at org.testng.internal.TestMethodWorker.run(TestMethodWorker.java:128)
	at java.base/java.util.ArrayList.forEach(ArrayList.java:1541)
	at org.testng.TestRunner.privateRun(TestRunner.java:770)
	at org.testng.TestRunner.run(TestRunner.java:591)
	at org.testng.SuiteRunner.runTest(SuiteRunner.java:402)
	at org.testng.SuiteRunner.runSequentially(SuiteRunner.java:396)
	at org.testng.SuiteRunner.privateRun(SuiteRunner.java:355)
	at org.testng.SuiteRunner.run(SuiteRunner.java:304)
	at org.testng.SuiteRunnerWorker.runSuite(SuiteRunnerWorker.java:53)
	at org.testng.SuiteRunnerWorker.run(SuiteRunnerWorker.java:96)
	at java.base/java.util.concurrent.ThreadPoolExecutor.runWorker(ThreadPoolExecutor.java:1128)
	at java.base/java.util.concurrent.ThreadPoolExecutor$Worker.run(ThreadPoolExecutor.java:628)
	at java.base/java.lang.Thread.run(Thread.java:834)

]]></system-err>
  </testcase>
  <testcase name="testB" classname="suiteb.TestB" time="2.077"/>
  <testcase name="testB" classname="suiteb.TestB" time="1.998"/>
  <testcase name="Login" classname="suitea.TestA" time="2.088">
    <failure message="The following asserts failed:&#10;	On Chrome Login is failing" type="java.lang.AssertionError">java.lang.AssertionError: 
The following asserts failed:
	On Chrome Login is failing
	at suitea.TestA.Login(TestA.java:19)
</failure>
  </testcase>
  <testcase name="Login" classname="suitea.TestA" time="2.03"/>
  <testcase name="Login" classname="suitea.TestA" time="1.983"/>
  <testcase name="testBB" classname="suiteb.TestBB" time="2.017">
    <failure message="The following asserts failed:&#10;	Soft Assert: Values are not equal,&#10;	Soft Assert: Other Values are not equal,&#10;	Hard Assert: Other Values are not equal" type="java.lang.AssertionError">java.lang.AssertionError: 
The following asserts failed:
	Soft Assert: Values are not equal,
	Soft Assert: Other Values are not equal,
	Hard Assert: Other Values are not equal
	at suiteb.TestBB.testBB(TestBB.java:21)
</failure>
    <system-out><![CDATA[rowcol_00_TestB_and_BB ---- rowcol_01_TestB_and_BB
]]></system-out>
  </testcase>
  <testcase name="testBB" classname="suiteb.TestBB" time="1.976">
    <failure message="The following asserts failed:&#10;	Soft Assert: Values are not equal,&#10;	Soft Assert: Other Values are not equal,&#10;	Hard Assert: Other Values are not equal" type="java.lang.AssertionError">java.lang.AssertionError: 
The following asserts failed:
	Soft Assert: Values are not equal,
	Soft Assert: Other Values are not equal,
	Hard Assert: Other Values are not equal
	at suiteb.TestBB.testBB(TestBB.java:21)
</failure>
    <system-out><![CDATA[Browser Group Name is:---browsergroup2
null
Starting BB
continue after softasert
continue after second softasert
Browser Group Name is:---browsergroup2
null
Starting AA
rowcol_10_TestB_and_BB ---- rowcol_11_TestB_and_BB
]]></system-out>
  </testcase>
  <testcase name="Purchase" classname="suitea.TestA" time="0">
    <skipped message="Method TestA.Purchase(java.lang.String, java.lang.String, java.lang.String, java.lang.String)[pri:0, instance:suitea.TestA@757acd7b] depends on not successfully finished methods in group &quot;Login&quot;"/>
  </testcase>
  <testcase name="testAA" classname="suitea.TestAA" time="2.009"/>
  <testcase name="testAA" classname="suitea.TestAA" time="2.018"/>
  <testcase name="TC2" classname="suiteseleniumbasics.DifferentBrowserSettings" time="33.342">
    <failure message="no such element: Unable to locate element: {&quot;method&quot;:&quot;xpath&quot;,&quot;selector&quot;:&quot;//li[@role=&apos;presentation&apos;][3]/div/div[2]/div[1]/span&quot;}&#10;  (Session info: chrome=102.0.5005.63)&#10;For documentation on this error, please visit: https://selenium.dev/exceptions/#no_such_element&#10;Build info: version: &apos;4.1.4&apos;, revision: &apos;535d840ee2&apos;&#10;System info: host: &apos;DESKTOP-0BOD3T4&apos;, ip: &apos;10.252.0.244&apos;, os.name: &apos;Windows 10&apos;, os.arch: &apos;amd64&apos;, os.version: &apos;10.0&apos;, java.version: &apos;11.0.15.1&apos;&#10;Driver info: org.openqa.selenium.chrome.ChromeDriver&#10;Command: [8068d0e1ed42388be94337cefb871022, findElement {using=xpath, value=//li[@role=&apos;presentation&apos;][3]/div/div[2]/div[1]/span}]&#10;Capabilities {acceptInsecureCerts: false, browserName: chrome, browserVersion: 102.0.5005.63, chrome: {chromedriverVersion: 101.0.4951.41 (93c720db8323..., userDataDir: C:\Users\risha\AppData\Loca...}, goog:chromeOptions: {debuggerAddress: localhost:63439}, javascriptEnabled: true, networkConnectionEnabled: false, pageLoadStrategy: normal, platform: WINDOWS, platformName: WINDOWS, proxy: Proxy(), se:cdp: ws://localhost:63439/devtoo..., se:cdpVersion: 102.0.5005.63, setWindowRect: true, strictFileInteractability: false, timeouts: {implicit: 0, pageLoad: 300000, script: 30000}, unhandledPromptBehavior: dismiss and notify, webauthn:extension:credBlob: true, webauthn:extension:largeBlob: true, webauthn:virtualAuthenticators: true}&#10;Session ID: 8068d0e1ed42388be94337cefb871022" type="org.openqa.selenium.NoSuchElementException">org.openqa.selenium.NoSuchElementException: 
no such element: Unable to locate element: {"method":"xpath","selector":"//li[@role='presentation'][3]/div/div[2]/div[1]/span"}
  (Session info: chrome=102.0.5005.63)
For documentation on this error, please visit: https://selenium.dev/exceptions/#no_such_element
Build info: version: '4.1.4', revision: '535d840ee2'
System info: host: 'DESKTOP-0BOD3T4', ip: '10.252.0.244', os.name: 'Windows 10', os.arch: 'amd64', os.version: '10.0', java.version: '11.0.15.1'
Driver info: org.openqa.selenium.chrome.ChromeDriver
Command: [8068d0e1ed42388be94337cefb871022, findElement {using=xpath, value=//li[@role='presentation'][3]/div/div[2]/div[1]/span}]
Capabilities {acceptInsecureCerts: false, browserName: chrome, browserVersion: 102.0.5005.63, chrome: {chromedriverVersion: 101.0.4951.41 (93c720db8323..., userDataDir: C:\Users\risha\AppData\Loca...}, goog:chromeOptions: {debuggerAddress: localhost:63439}, javascriptEnabled: true, networkConnectionEnabled: false, pageLoadStrategy: normal, platform: WINDOWS, platformName: WINDOWS, proxy: Proxy(), se:cdp: ws://localhost:63439/devtoo..., se:cdpVersion: 102.0.5005.63, setWindowRect: true, strictFileInteractability: false, timeouts: {implicit: 0, pageLoad: 300000, script: 30000}, unhandledPromptBehavior: dismiss and notify, webauthn:extension:credBlob: true, webauthn:extension:largeBlob: true, webauthn:virtualAuthenticators: true}
Session ID: 8068d0e1ed42388be94337cefb871022
	at suiteseleniumbasics.DifferentBrowserSettings.TC2(DifferentBrowserSettings.java:102)
</failure>
    <system-out><![CDATA[hello google
Able to navigate to new page

Able to navigate to new page
]]></system-out>
  </testcase>
</testsuite>